0 info it worked if it ends with ok
1 verbose cli [ 'node', '/usr/local/bin/npm', 'install', 'geopy' ]
2 info using npm@1.2.14
3 info using node@v0.10.0
4 verbose node symlink /usr/local/bin/node
5 verbose read json /Users/aydingungordu/Ruby/projects/Numbers/package.json
6 verbose read json /Users/aydingungordu/Ruby/projects/Numbers/package.json
7 verbose cache add [ 'geopy', null ]
8 verbose cache add name=undefined spec="geopy" args=["geopy",null]
9 verbose parsed url { protocol: null,
9 verbose parsed url   slashes: null,
9 verbose parsed url   auth: null,
9 verbose parsed url   host: null,
9 verbose parsed url   port: null,
9 verbose parsed url   hostname: null,
9 verbose parsed url   hash: null,
9 verbose parsed url   search: null,
9 verbose parsed url   query: null,
9 verbose parsed url   pathname: 'geopy',
9 verbose parsed url   path: 'geopy',
9 verbose parsed url   href: 'geopy' }
10 silly lockFile 00738a9c-geopy geopy
11 verbose lock geopy /Users/aydingungordu/.npm/00738a9c-geopy.lock
12 silly lockFile 00738a9c-geopy geopy
13 silly lockFile 00738a9c-geopy geopy
14 verbose addNamed [ 'geopy', '' ]
15 verbose addNamed [ null, '' ]
16 silly lockFile 724e103c-geopy geopy@
17 verbose lock geopy@ /Users/aydingungordu/.npm/724e103c-geopy.lock
18 silly addNameRange { name: 'geopy', range: '', hasData: false }
19 verbose url raw geopy
20 verbose url resolving [ 'https://registry.npmjs.org/', './geopy' ]
21 verbose url resolved https://registry.npmjs.org/geopy
22 info trying registry request attempt 1 at 14:47:41
23 http GET https://registry.npmjs.org/geopy
24 http 404 https://registry.npmjs.org/geopy
25 silly registry.get cb [ 404,
25 silly registry.get   { server: 'CouchDB/1.3.1 (Erlang OTP/R15B03)',
25 silly registry.get     date: 'Mon, 09 Sep 2013 12:47:46 GMT',
25 silly registry.get     'content-type': 'application/json',
25 silly registry.get     'content-length': '52',
25 silly registry.get     'cache-control': 'must-revalidate' } ]
26 silly lockFile 724e103c-geopy geopy@
27 silly lockFile 724e103c-geopy geopy@
28 error 404 'geopy' is not in the npm registry.
28 error 404 You should bug the author to publish it
28 error 404
28 error 404 Note that you can also install from a
28 error 404 tarball, folder, or http url, or git url.
29 error System Darwin 12.4.0
30 error command "node" "/usr/local/bin/npm" "install" "geopy"
31 error cwd /Users/aydingungordu/Ruby/projects/Numbers
32 error node -v v0.10.0
33 error npm -v 1.2.14
34 error code E404
35 verbose exit [ 1, true ]
